TN:
SF:/home/chien/Sotatek/Embedded_Intern_SotaTek/01Unit_Test/RingBufferTest/CMocka_Test/test.c
FN:11,test_ringbuffer_init
FNDA:1,test_ringbuffer_init
FN:20,test_ringbuffer_init_invalid_size
FNDA:1,test_ringbuffer_init_invalid_size
FN:26,test_ringbuffer_init_null
FNDA:1,test_ringbuffer_init_null
FN:31,test_ringbuffer_add_null
FNDA:1,test_ringbuffer_add_null
FN:36,test_ringbuffer_remove_null
FNDA:1,test_ringbuffer_remove_null
FN:43,test_ringbuffer_add
FNDA:1,test_ringbuffer_add
FN:53,test_ringbuffer_remove
FNDA:1,test_ringbuffer_remove
FN:73,test_ringbuffer_is_full_null
FNDA:1,test_ringbuffer_is_full_null
FN:79,test_ringbuffer_is_full
FNDA:1,test_ringbuffer_is_full
FN:91,test_ringbuffer_is_empty_null
FNDA:1,test_ringbuffer_is_empty_null
FN:97,test_ringbuffer_is_empty
FNDA:1,test_ringbuffer_is_empty
FN:111,test_ringbuffer_size_null
FNDA:1,test_ringbuffer_size_null
FN:117,test_ringbuffer_size
FNDA:1,test_ringbuffer_size
FN:128,test_ringbuffer_wraparound
FNDA:1,test_ringbuffer_wraparound
FN:151,main
FNDA:1,main
DA:11,1
DA:13,1
DA:14,1
DA:15,1
DA:16,1
DA:17,1
DA:20,1
DA:22,1
DA:23,1
DA:24,1
DA:26,1
DA:28,1
DA:29,1
DA:31,1
DA:33,1
DA:34,1
DA:36,1
DA:39,1
DA:40,1
DA:43,1
DA:45,1
DA:47,6
DA:48,5
DA:50,1
DA:51,1
DA:53,1
DA:57,1
DA:59,1
DA:61,1
DA:62,1
DA:64,1
DA:65,1
DA:67,1
DA:68,1
DA:70,1
DA:71,1
DA:73,1
DA:75,1
DA:76,1
DA:79,1
DA:81,1
DA:82,1
DA:84,6
DA:85,5
DA:87,1
DA:88,1
DA:91,1
DA:93,1
DA:94,1
DA:97,1
DA:99,1
DA:101,1
DA:103,1
DA:104,1
DA:107,1
DA:108,1
DA:109,1
DA:111,1
DA:113,1
DA:114,1
DA:117,1
DA:119,1
DA:121,1
DA:122,1
DA:123,1
DA:125,1
DA:126,1
DA:128,1
DA:131,1
DA:133,6
DA:134,5
DA:138,1
DA:139,1
DA:142,1
DA:143,1
DA:145,1
DA:147,1
DA:151,1
DA:152,1
DA:171,1
end_of_record
TN:
SF:/home/chien/Sotatek/Embedded_Intern_SotaTek/01Unit_Test/RingBufferTest/CMocka_Test/my_function.c
FN:17,ringbuffer_init
FNDA:10,ringbuffer_init
FN:36,ringbuffer_add
FNDA:25,ringbuffer_add
FN:60,ringbuffer_remove
FNDA:8,ringbuffer_remove
FN:81,ringbuffer_is_full
FNDA:27,ringbuffer_is_full
FN:96,ringbuffer_is_empty
FNDA:12,ringbuffer_is_empty
FN:109,ringbuffer_size
FNDA:2,ringbuffer_size
DA:17,10
DA:19,10
DA:20,3
DA:22,7
DA:23,7
DA:24,7
DA:25,7
DA:27,7
DA:36,25
DA:38,25
DA:40,25
DA:41,2
DA:44,23
DA:45,23
DA:46,23
DA:47,23
DA:49,23
DA:60,8
DA:62,8
DA:64,8
DA:65,3
DA:68,5
DA:69,5
DA:70,5
DA:71,5
DA:73,5
DA:81,27
DA:83,27
DA:84,1
DA:85,26
DA:96,12
DA:98,12
DA:99,2
DA:100,10
DA:109,2
DA:111,2
DA:112,1
DA:113,1
end_of_record
