TN:
SF:/home/chien/Sotatek/Embedded_Intern_SotaTek/00RingBuffer/RingBuffer/main.c
FN:6,main
FNDA:1,main
DA:6,1
DA:11,1
DA:13,1
DA:14,1
DA:15,1
DA:16,1
DA:17,1
DA:20,1
DA:22,1
DA:24,1
DA:28,1
end_of_record
TN:
SF:/home/chien/Sotatek/Embedded_Intern_SotaTek/00RingBuffer/RingBuffer/src/ringbuf.c
FN:17,ringbuffer_init
FNDA:1,ringbuffer_init
FN:36,ringbuffer_add
FNDA:6,ringbuffer_add
FN:59,ringbuffer_remove
FNDA:0,ringbuffer_remove
FN:80,ringbuffer_is_full
FNDA:7,ringbuffer_is_full
FN:95,ringbuffer_is_empty
FNDA:0,ringbuffer_is_empty
FN:108,ringbuffer_size
FNDA:1,ringbuffer_size
DA:17,1
DA:19,1
DA:20,0
DA:22,1
DA:23,1
DA:24,1
DA:25,1
DA:27,1
DA:36,6
DA:38,6
DA:40,6
DA:41,1
DA:43,5
DA:44,5
DA:45,5
DA:46,5
DA:47,5
DA:59,0
DA:61,0
DA:63,0
DA:64,0
DA:67,0
DA:68,0
DA:69,0
DA:70,0
DA:72,0
DA:80,7
DA:82,7
DA:83,0
DA:84,7
DA:95,0
DA:97,0
DA:98,0
DA:99,0
DA:108,1
DA:110,1
DA:111,0
DA:112,1
end_of_record
